android/app/build/intermediates/manifest_merge_blame_file/debug/processDebugMainManifest/manifest-merger-blame-debug-report.txt
1<?xml version="1.0" encoding="utf-8"?>
2<manifest xmlns:android="http://schemas.android.com/apk/res/android"
3    package="com.sinhagadapp"
4    android:versionCode="1"
5    android:versionName="1.0" >
6
7    <uses-sdk
8        android:minSdkVersion="24"
9        android:targetSdkVersion="34" />
10
11    <uses-permission android:name="android.permission.INTERNET" />
11-->src/main/AndroidManifest.xml:4:5-67
11-->src/main/AndroidManifest.xml:4:22-64
12    <uses-permission android:name="android.permission.CAMERA" />
12-->src/main/AndroidManifest.xml:5:5-65
12-->src/main/AndroidManifest.xml:5:22-62
13    <uses-permission android:name="android.permission.WRITE_EXTERNAL_STORAGE" />
13-->src/main/AndroidManifest.xml:6:5-81
13-->src/main/AndroidManifest.xml:6:22-78
14    <uses-permission android:name="android.permission.READ_EXTERNAL_STORAGE" />
14-->src/main/AndroidManifest.xml:7:5-80
14-->src/main/AndroidManifest.xml:7:22-77
15    <uses-permission android:name="android.permission.ACCESS_FINE_LOCATION" />
15-->src/main/AndroidManifest.xml:8:5-79
15-->src/main/AndroidManifest.xml:8:22-76
16    <uses-permission android:name="android.permission.ACCESS_COARSE_LOCATION" />
16-->src/main/AndroidManifest.xml:9:5-81
16-->src/main/AndroidManifest.xml:9:22-78
17    <uses-permission android:name="android.permission.ACCESS_BACKGROUND_LOCATION" />
17-->src/main/AndroidManifest.xml:10:5-85
17-->src/main/AndroidManifest.xml:10:22-82
18    <!--
19    This manifest file is used only by Gradle to configure debug-only capabilities
20    for React Native Apps.
21    -->
22    <uses-permission android:name="android.permission.SYSTEM_ALERT_WINDOW" /> <!-- Include required permissions for Google Maps API to run. -->
22-->[com.facebook.react:react-android:0.76.1] AndroidManifest.xml:16:5-78
22-->[com.facebook.react:react-android:0.76.1] AndroidManifest.xml:16:22-75
23    <uses-permission android:name="android.permission.ACCESS_NETWORK_STATE" />
23-->[com.google.android.gms:play-services-maps:18.2.0] AndroidManifest.xml:23:5-79
23-->[com.google.android.gms:play-services-maps:18.2.0] AndroidManifest.xml:23:22-76
24
25    <uses-feature
25-->[com.google.android.gms:play-services-maps:18.2.0] AndroidManifest.xml:26:5-28:35
26        android:glEsVersion="0x00020000"
26-->[com.google.android.gms:play-services-maps:18.2.0] AndroidManifest.xml:27:9-41
27        android:required="true" />
27-->[com.google.android.gms:play-services-maps:18.2.0] AndroidManifest.xml:28:9-32
28
29    <queries>
29-->[com.google.android.gms:play-services-maps:18.2.0] AndroidManifest.xml:30:5-34:15
30
31        <!-- Needs to be explicitly declared on Android R+ -->
32        <package android:name="com.google.android.apps.maps" />
32-->[com.google.android.gms:play-services-maps:18.2.0] AndroidManifest.xml:33:9-64
32-->[com.google.android.gms:play-services-maps:18.2.0] AndroidManifest.xml:33:18-61
33    </queries>
34
35    <uses-permission android:name="android.permission.WAKE_LOCK" />
35-->[androidx.work:work-runtime:2.7.1] AndroidManifest.xml:25:5-68
35-->[androidx.work:work-runtime:2.7.1] AndroidManifest.xml:25:22-65
36    <uses-permission android:name="android.permission.RECEIVE_BOOT_COMPLETED" />
36-->[androidx.work:work-runtime:2.7.1] AndroidManifest.xml:27:5-81
36-->[androidx.work:work-runtime:2.7.1] AndroidManifest.xml:27:22-78
37    <uses-permission android:name="android.permission.FOREGROUND_SERVICE" />
37-->[androidx.work:work-runtime:2.7.1] AndroidManifest.xml:28:5-77
37-->[androidx.work:work-runtime:2.7.1] AndroidManifest.xml:28:22-74
38
39    <uses-feature
39-->[com.mapbox.maps:android-core:10.18.0] AndroidManifest.xml:13:5-15:36
40        android:name="android.hardware.wifi"
40-->[com.mapbox.maps:android-core:10.18.0] AndroidManifest.xml:14:9-45
41        android:required="false" />
41-->[com.mapbox.maps:android-core:10.18.0] AndroidManifest.xml:15:9-33
42
43    <uses-permission android:name="android.permission.ACCESS_WIFI_STATE" />
43-->[com.mapbox.maps:android-core:10.18.0] AndroidManifest.xml:19:5-76
43-->[com.mapbox.maps:android-core:10.18.0] AndroidManifest.xml:19:22-73
44
45    <permission
45-->[androidx.core:core:1.9.0] AndroidManifest.xml:22:5-24:47
46        android:name="com.sinhagadapp.DYNAMIC_RECEIVER_NOT_EXPORTED_PERMISSION"
46-->[androidx.core:core:1.9.0] AndroidManifest.xml:23:9-81
47        android:protectionLevel="signature" />
47-->[androidx.core:core:1.9.0] AndroidManifest.xml:24:9-44
48
49    <uses-permission android:name="com.sinhagadapp.DYNAMIC_RECEIVER_NOT_EXPORTED_PERMISSION" />
49-->[androidx.core:core:1.9.0] AndroidManifest.xml:26:5-97
49-->[androidx.core:core:1.9.0] AndroidManifest.xml:26:22-94
50
51    <application
51-->src/main/AndroidManifest.xml:13:5-39:19
52        android:name="com.sinhagadapp.MainApplication"
52-->src/main/AndroidManifest.xml:14:9-40
53        android:allowBackup="false"
53-->src/main/AndroidManifest.xml:18:9-36
54        android:appComponentFactory="androidx.core.app.CoreComponentFactory"
54-->[androidx.core:core:1.9.0] AndroidManifest.xml:28:18-86
55        android:debuggable="true"
56        android:extractNativeLibs="false"
57        android:icon="@mipmap/ic_launcher"
57-->src/main/AndroidManifest.xml:16:9-43
58        android:label="@string/app_name"
58-->src/main/AndroidManifest.xml:15:9-41
59        android:roundIcon="@mipmap/ic_launcher_round"
59-->src/main/AndroidManifest.xml:17:9-54
60        android:supportsRtl="true"
60-->src/main/AndroidManifest.xml:21:9-35
61        android:theme="@style/AppTheme"
61-->src/main/AndroidManifest.xml:19:9-40
62        android:usesCleartextTraffic="true" >
62-->src/main/AndroidManifest.xml:20:9-44
63        <meta-data
63-->src/main/AndroidManifest.xml:23:9-25:122
64            android:name="com.mapbox.token"
64-->src/main/AndroidManifest.xml:24:13-44
65            android:value="sk.eyJ1IjoicHVydXNoMTgiLCJhIjoiY20ybHZsc2ZjMGY3ZDJwczdnbW4zcjk4cCJ9.sl5UstfyIMtF6G3D8e7wvw" />
65-->src/main/AndroidManifest.xml:25:13-119
66
67        <activity
67-->src/main/AndroidManifest.xml:27:9-38:20
68            android:name="com.sinhagadapp.MainActivity"
68-->src/main/AndroidManifest.xml:28:13-41
69            android:configChanges="keyboard|keyboardHidden|orientation|screenLayout|screenSize|smallestScreenSize|uiMode"
69-->src/main/AndroidManifest.xml:30:13-122
70            android:exported="true"
70-->src/main/AndroidManifest.xml:33:13-36
71            android:label="@string/app_name"
71-->src/main/AndroidManifest.xml:29:13-45
72            android:launchMode="singleTask"
72-->src/main/AndroidManifest.xml:31:13-44
73            android:windowSoftInputMode="adjustResize" >
73-->src/main/AndroidManifest.xml:32:13-55
74            <intent-filter>
74-->src/main/AndroidManifest.xml:34:13-37:29
75                <action android:name="android.intent.action.MAIN" />
75-->src/main/AndroidManifest.xml:35:17-69
75-->src/main/AndroidManifest.xml:35:25-66
76
77                <category android:name="android.intent.category.LAUNCHER" />
77-->src/main/AndroidManifest.xml:36:17-77
77-->src/main/AndroidManifest.xml:36:27-74
78            </intent-filter>
79        </activity>
80
81        <provider
81-->[:react-native-image-picker] AndroidManifest.xml:8:9-16:20
82            android:name="com.imagepicker.ImagePickerProvider"
82-->[:react-native-image-picker] AndroidManifest.xml:9:13-63
83            android:authorities="com.sinhagadapp.imagepickerprovider"
83-->[:react-native-image-picker] AndroidManifest.xml:10:13-71
84            android:exported="false"
84-->[:react-native-image-picker] AndroidManifest.xml:11:13-37
85            android:grantUriPermissions="true" >
85-->[:react-native-image-picker] AndroidManifest.xml:12:13-47
86            <meta-data
86-->[:react-native-image-picker] AndroidManifest.xml:13:13-15:70
87                android:name="android.support.FILE_PROVIDER_PATHS"
87-->[:react-native-image-picker] AndroidManifest.xml:14:17-67
88                android:resource="@xml/imagepicker_provider_paths" />
88-->[:react-native-image-picker] AndroidManifest.xml:15:17-67
89        </provider>
90
91        <activity
91-->[com.facebook.react:react-android:0.76.1] AndroidManifest.xml:19:9-21:40
92            android:name="com.facebook.react.devsupport.DevSettingsActivity"
92-->[com.facebook.react:react-android:0.76.1] AndroidManifest.xml:20:13-77
93            android:exported="false" />
93-->[com.facebook.react:react-android:0.76.1] AndroidManifest.xml:21:13-37
94
95        <meta-data
95-->[com.google.maps.android:android-maps-utils:3.8.2] AndroidManifest.xml:8:9-10:69
96            android:name="com.google.android.gms.version"
96-->[com.google.maps.android:android-maps-utils:3.8.2] AndroidManifest.xml:9:13-58
97            android:value="@integer/google_play_services_version" /> <!-- Needs to be explicitly declared on P+ -->
97-->[com.google.maps.android:android-maps-utils:3.8.2] AndroidManifest.xml:10:13-66
98        <uses-library
98-->[com.google.android.gms:play-services-maps:18.2.0] AndroidManifest.xml:39:9-41:40
99            android:name="org.apache.http.legacy"
99-->[com.google.android.gms:play-services-maps:18.2.0] AndroidManifest.xml:40:13-50
100            android:required="false" />
100-->[com.google.android.gms:play-services-maps:18.2.0] AndroidManifest.xml:41:13-37
101
102        <activity
102-->[com.google.android.gms:play-services-base:18.2.0] AndroidManifest.xml:20:9-22:45
103            android:name="com.google.android.gms.common.api.GoogleApiActivity"
103-->[com.google.android.gms:play-services-base:18.2.0] AndroidManifest.xml:20:19-85
104            android:exported="false"
104-->[com.google.android.gms:play-services-base:18.2.0] AndroidManifest.xml:22:19-43
105            android:theme="@android:style/Theme.Translucent.NoTitleBar" />
105-->[com.google.android.gms:play-services-base:18.2.0] AndroidManifest.xml:21:19-78
106
107        <provider
107-->[androidx.work:work-runtime:2.7.1] AndroidManifest.xml:31:9-39:20
108            android:name="androidx.startup.InitializationProvider"
108-->[androidx.work:work-runtime:2.7.1] AndroidManifest.xml:32:13-67
109            android:authorities="com.sinhagadapp.androidx-startup"
109-->[androidx.work:work-runtime:2.7.1] AndroidManifest.xml:33:13-68
110            android:exported="false" >
110-->[androidx.work:work-runtime:2.7.1] AndroidManifest.xml:34:13-37
111            <meta-data
111-->[androidx.work:work-runtime:2.7.1] AndroidManifest.xml:36:13-38:52
112                android:name="androidx.work.WorkManagerInitializer"
112-->[androidx.work:work-runtime:2.7.1] AndroidManifest.xml:37:17-68
113                android:value="androidx.startup" />
113-->[androidx.work:work-runtime:2.7.1] AndroidManifest.xml:38:17-49
114            <meta-data
114-->[androidx.emoji2:emoji2:1.2.0] AndroidManifest.xml:29:13-31:52
115                android:name="androidx.emoji2.text.EmojiCompatInitializer"
115-->[androidx.emoji2:emoji2:1.2.0] AndroidManifest.xml:30:17-75
116                android:value="androidx.startup" />
116-->[androidx.emoji2:emoji2:1.2.0] AndroidManifest.xml:31:17-49
117            <meta-data
117-->[com.mapbox.maps:android-core:10.18.0] AndroidManifest.xml:27:13-29:52
118                android:name="com.mapbox.maps.loader.MapboxMapsInitializer"
118-->[com.mapbox.maps:android-core:10.18.0] AndroidManifest.xml:28:17-76
119                android:value="androidx.startup" /> <!-- This entry makes MapboxSDKCommonInitializer discoverable. -->
119-->[com.mapbox.maps:android-core:10.18.0] AndroidManifest.xml:29:17-49
120            <meta-data
120-->[com.mapbox.common:common:23.10.1] AndroidManifest.xml:21:13-23:52
121                android:name="com.mapbox.common.MapboxSDKCommonInitializer"
121-->[com.mapbox.common:common:23.10.1] AndroidManifest.xml:22:17-76
122                android:value="androidx.startup" />
122-->[com.mapbox.common:common:23.10.1] AndroidManifest.xml:23:17-49
123            <meta-data
123-->[androidx.lifecycle:lifecycle-process:2.6.1] AndroidManifest.xml:29:13-31:52
124                android:name="androidx.lifecycle.ProcessLifecycleInitializer"
124-->[androidx.lifecycle:lifecycle-process:2.6.1] AndroidManifest.xml:30:17-78
125                android:value="androidx.startup" />
125-->[androidx.lifecycle:lifecycle-process:2.6.1] AndroidManifest.xml:31:17-49
126            <meta-data
126-->[androidx.profileinstaller:profileinstaller:1.3.0] AndroidManifest.xml:29:13-31:52
127                android:name="androidx.profileinstaller.ProfileInstallerInitializer"
127-->[androidx.profileinstaller:profileinstaller:1.3.0] AndroidManifest.xml:30:17-85
128                android:value="androidx.startup" />
128-->[androidx.profileinstaller:profileinstaller:1.3.0] AndroidManifest.xml:31:17-49
129        </provider>
130
131        <service
131-->[androidx.work:work-runtime:2.7.1] AndroidManifest.xml:41:9-46:35
132            android:name="androidx.work.impl.background.systemalarm.SystemAlarmService"
132-->[androidx.work:work-runtime:2.7.1] AndroidManifest.xml:42:13-88
133            android:directBootAware="false"
133-->[androidx.work:work-runtime:2.7.1] AndroidManifest.xml:43:13-44
134            android:enabled="@bool/enable_system_alarm_service_default"
134-->[androidx.work:work-runtime:2.7.1] AndroidManifest.xml:44:13-72
135            android:exported="false" />
135-->[androidx.work:work-runtime:2.7.1] AndroidManifest.xml:45:13-37
136        <service
136-->[androidx.work:work-runtime:2.7.1] AndroidManifest.xml:47:9-53:35
137            android:name="androidx.work.impl.background.systemjob.SystemJobService"
137-->[androidx.work:work-runtime:2.7.1] AndroidManifest.xml:48:13-84
138            android:directBootAware="false"
138-->[androidx.work:work-runtime:2.7.1] AndroidManifest.xml:49:13-44
139            android:enabled="@bool/enable_system_job_service_default"
139-->[androidx.work:work-runtime:2.7.1] AndroidManifest.xml:50:13-70
140            android:exported="true"
140-->[androidx.work:work-runtime:2.7.1] AndroidManifest.xml:51:13-36
141            android:permission="android.permission.BIND_JOB_SERVICE" />
141-->[androidx.work:work-runtime:2.7.1] AndroidManifest.xml:52:13-69
142        <service
142-->[androidx.work:work-runtime:2.7.1] AndroidManifest.xml:54:9-59:35
143            android:name="androidx.work.impl.foreground.SystemForegroundService"
143-->[androidx.work:work-runtime:2.7.1] AndroidManifest.xml:55:13-81
144            android:directBootAware="false"
144-->[androidx.work:work-runtime:2.7.1] AndroidManifest.xml:56:13-44
145            android:enabled="@bool/enable_system_foreground_service_default"
145-->[androidx.work:work-runtime:2.7.1] AndroidManifest.xml:57:13-77
146            android:exported="false" />
146-->[androidx.work:work-runtime:2.7.1] AndroidManifest.xml:58:13-37
147
148        <receiver
148-->[androidx.work:work-runtime:2.7.1] AndroidManifest.xml:61:9-66:35
149            android:name="androidx.work.impl.utils.ForceStopRunnable$BroadcastReceiver"
149-->[androidx.work:work-runtime:2.7.1] AndroidManifest.xml:62:13-88
150            android:directBootAware="false"
150-->[androidx.work:work-runtime:2.7.1] AndroidManifest.xml:63:13-44
151            android:enabled="true"
151-->[androidx.work:work-runtime:2.7.1] AndroidManifest.xml:64:13-35
152            android:exported="false" />
152-->[androidx.work:work-runtime:2.7.1] AndroidManifest.xml:65:13-37
153        <receiver
153-->[androidx.work:work-runtime:2.7.1] AndroidManifest.xml:67:9-77:20
154            android:name="androidx.work.impl.background.systemalarm.ConstraintProxy$BatteryChargingProxy"
154-->[androidx.work:work-runtime:2.7.1] AndroidManifest.xml:68:13-106
155            android:directBootAware="false"
155-->[androidx.work:work-runtime:2.7.1] AndroidManifest.xml:69:13-44
156            android:enabled="false"
156-->[androidx.work:work-runtime:2.7.1] AndroidManifest.xml:70:13-36
157            android:exported="false" >
157-->[androidx.work:work-runtime:2.7.1] AndroidManifest.xml:71:13-37
158            <intent-filter>
158-->[androidx.work:work-runtime:2.7.1] AndroidManifest.xml:73:13-76:29
159                <action android:name="android.intent.action.ACTION_POWER_CONNECTED" />
159-->[androidx.work:work-runtime:2.7.1] AndroidManifest.xml:74:17-87
159-->[androidx.work:work-runtime:2.7.1] AndroidManifest.xml:74:25-84
160                <action android:name="android.intent.action.ACTION_POWER_DISCONNECTED" />
160-->[androidx.work:work-runtime:2.7.1] AndroidManifest.xml:75:17-90
160-->[androidx.work:work-runtime:2.7.1] AndroidManifest.xml:75:25-87
161            </intent-filter>
162        </receiver>
163        <receiver
163-->[androidx.work:work-runtime:2.7.1] AndroidManifest.xml:78:9-88:20
164            android:name="androidx.work.impl.background.systemalarm.ConstraintProxy$BatteryNotLowProxy"
164-->[androidx.work:work-runtime:2.7.1] AndroidManifest.xml:79:13-104
165            android:directBootAware="false"
165-->[androidx.work:work-runtime:2.7.1] AndroidManifest.xml:80:13-44
166            android:enabled="false"
166-->[androidx.work:work-runtime:2.7.1] AndroidManifest.xml:81:13-36
167            android:exported="false" >
167-->[androidx.work:work-runtime:2.7.1] AndroidManifest.xml:82:13-37
168            <intent-filter>
168-->[androidx.work:work-runtime:2.7.1] AndroidManifest.xml:84:13-87:29
169                <action android:name="android.intent.action.BATTERY_OKAY" />
169-->[androidx.work:work-runtime:2.7.1] AndroidManifest.xml:85:17-77
169-->[androidx.work:work-runtime:2.7.1] AndroidManifest.xml:85:25-74
170                <action android:name="android.intent.action.BATTERY_LOW" />
170-->[androidx.work:work-runtime:2.7.1] AndroidManifest.xml:86:17-76
170-->[androidx.work:work-runtime:2.7.1] AndroidManifest.xml:86:25-73
171            </intent-filter>
172        </receiver>
173        <receiver
173-->[androidx.work:work-runtime:2.7.1] AndroidManifest.xml:89:9-99:20
174            android:name="androidx.work.impl.background.systemalarm.ConstraintProxy$StorageNotLowProxy"
174-->[androidx.work:work-runtime:2.7.1] AndroidManifest.xml:90:13-104
175            android:directBootAware="false"
175-->[androidx.work:work-runtime:2.7.1] AndroidManifest.xml:91:13-44
176            android:enabled="false"
176-->[androidx.work:work-runtime:2.7.1] AndroidManifest.xml:92:13-36
177            android:exported="false" >
177-->[androidx.work:work-runtime:2.7.1] AndroidManifest.xml:93:13-37
178            <intent-filter>
178-->[androidx.work:work-runtime:2.7.1] AndroidManifest.xml:95:13-98:29
179                <action android:name="android.intent.action.DEVICE_STORAGE_LOW" />
179-->[androidx.work:work-runtime:2.7.1] AndroidManifest.xml:96:17-83
179-->[androidx.work:work-runtime:2.7.1] AndroidManifest.xml:96:25-80
180                <action android:name="android.intent.action.DEVICE_STORAGE_OK" />
180-->[androidx.work:work-runtime:2.7.1] AndroidManifest.xml:97:17-82
180-->[androidx.work:work-runtime:2.7.1] AndroidManifest.xml:97:25-79
181            </intent-filter>
182        </receiver>
183        <receiver
183-->[androidx.work:work-runtime:2.7.1] AndroidManifest.xml:100:9-109:20
184            android:name="androidx.work.impl.background.systemalarm.ConstraintProxy$NetworkStateProxy"
184-->[androidx.work:work-runtime:2.7.1] AndroidManifest.xml:101:13-103
185            android:directBootAware="false"
185-->[androidx.work:work-runtime:2.7.1] AndroidManifest.xml:102:13-44
186            android:enabled="false"
186-->[androidx.work:work-runtime:2.7.1] AndroidManifest.xml:103:13-36
187            android:exported="false" >
187-->[androidx.work:work-runtime:2.7.1] AndroidManifest.xml:104:13-37
188            <intent-filter>
188-->[androidx.work:work-runtime:2.7.1] AndroidManifest.xml:106:13-108:29
189                <action android:name="android.net.conn.CONNECTIVITY_CHANGE" />
189-->[androidx.work:work-runtime:2.7.1] AndroidManifest.xml:107:17-79
189-->[androidx.work:work-runtime:2.7.1] AndroidManifest.xml:107:25-76
190            </intent-filter>
191        </receiver>
192        <receiver
192-->[androidx.work:work-runtime:2.7.1] AndroidManifest.xml:110:9-121:20
193            android:name="androidx.work.impl.background.systemalarm.RescheduleReceiver"
193-->[androidx.work:work-runtime:2.7.1] AndroidManifest.xml:111:13-88
194            android:directBootAware="false"
194-->[androidx.work:work-runtime:2.7.1] AndroidManifest.xml:112:13-44
195            android:enabled="false"
195-->[androidx.work:work-runtime:2.7.1] AndroidManifest.xml:113:13-36
196            android:exported="false" >
196-->[androidx.work:work-runtime:2.7.1] AndroidManifest.xml:114:13-37
197            <intent-filter>
197-->[androidx.work:work-runtime:2.7.1] AndroidManifest.xml:116:13-120:29
198                <action android:name="android.intent.action.BOOT_COMPLETED" />
198-->[androidx.work:work-runtime:2.7.1] AndroidManifest.xml:117:17-79
198-->[androidx.work:work-runtime:2.7.1] AndroidManifest.xml:117:25-76
199                <action android:name="android.intent.action.TIME_SET" />
199-->[androidx.work:work-runtime:2.7.1] AndroidManifest.xml:118:17-73
199-->[androidx.work:work-runtime:2.7.1] AndroidManifest.xml:118:25-70
200                <action android:name="android.intent.action.TIMEZONE_CHANGED" />
200-->[androidx.work:work-runtime:2.7.1] AndroidManifest.xml:119:17-81
200-->[androidx.work:work-runtime:2.7.1] AndroidManifest.xml:119:25-78
201            </intent-filter>
202        </receiver>
203        <receiver
203-->[androidx.work:work-runtime:2.7.1] AndroidManifest.xml:122:9-131:20
204            android:name="androidx.work.impl.background.systemalarm.ConstraintProxyUpdateReceiver"
204-->[androidx.work:work-runtime:2.7.1] AndroidManifest.xml:123:13-99
205            android:directBootAware="false"
205-->[androidx.work:work-runtime:2.7.1] AndroidManifest.xml:124:13-44
206            android:enabled="@bool/enable_system_alarm_service_default"
206-->[androidx.work:work-runtime:2.7.1] AndroidManifest.xml:125:13-72
207            android:exported="false" >
207-->[androidx.work:work-runtime:2.7.1] AndroidManifest.xml:126:13-37
208            <intent-filter>
208-->[androidx.work:work-runtime:2.7.1] AndroidManifest.xml:128:13-130:29
209                <action android:name="androidx.work.impl.background.systemalarm.UpdateProxies" />
209-->[androidx.work:work-runtime:2.7.1] AndroidManifest.xml:129:17-98
209-->[androidx.work:work-runtime:2.7.1] AndroidManifest.xml:129:25-95
210            </intent-filter>
211        </receiver>
212        <receiver
212-->[androidx.work:work-runtime:2.7.1] AndroidManifest.xml:132:9-142:20
213            android:name="androidx.work.impl.diagnostics.DiagnosticsReceiver"
213-->[androidx.work:work-runtime:2.7.1] AndroidManifest.xml:133:13-78
214            android:directBootAware="false"
214-->[androidx.work:work-runtime:2.7.1] AndroidManifest.xml:134:13-44
215            android:enabled="true"
215-->[androidx.work:work-runtime:2.7.1] AndroidManifest.xml:135:13-35
216            android:exported="true"
216-->[androidx.work:work-runtime:2.7.1] AndroidManifest.xml:136:13-36
217            android:permission="android.permission.DUMP" >
217-->[androidx.work:work-runtime:2.7.1] AndroidManifest.xml:137:13-57
218            <intent-filter>
218-->[androidx.work:work-runtime:2.7.1] AndroidManifest.xml:139:13-141:29
219                <action android:name="androidx.work.diagnostics.REQUEST_DIAGNOSTICS" />
219-->[androidx.work:work-runtime:2.7.1] AndroidManifest.xml:140:17-88
219-->[androidx.work:work-runtime:2.7.1] AndroidManifest.xml:140:25-85
220            </intent-filter>
221        </receiver>
222        <receiver
222-->[com.mapbox.common:common:23.10.1] AndroidManifest.xml:26:9-33:20
223            android:name="com.mapbox.common.location.LocationUpdatesReceiver"
223-->[com.mapbox.common:common:23.10.1] AndroidManifest.xml:27:13-78
224            android:enabled="true"
224-->[com.mapbox.common:common:23.10.1] AndroidManifest.xml:28:13-35
225            android:exported="false" >
225-->[com.mapbox.common:common:23.10.1] AndroidManifest.xml:29:13-37
226            <intent-filter>
226-->[com.mapbox.common:common:23.10.1] AndroidManifest.xml:30:13-32:29
227                <action android:name="com.mapbox.common.location.LocationUpdatesReceiver.ACTION_PROCESS_LOCATION_UPDATES" />
227-->[com.mapbox.common:common:23.10.1] AndroidManifest.xml:31:17-125
227-->[com.mapbox.common:common:23.10.1] AndroidManifest.xml:31:25-122
228            </intent-filter>
229        </receiver>
230
231        <service
231-->[com.mapbox.common:common:23.10.1] AndroidManifest.xml:35:9-37:40
232            android:name="com.mapbox.common.LifecycleService"
232-->[com.mapbox.common:common:23.10.1] AndroidManifest.xml:36:13-62
233            android:exported="false" />
233-->[com.mapbox.common:common:23.10.1] AndroidManifest.xml:37:13-37
234
235        <receiver
235-->[androidx.profileinstaller:profileinstaller:1.3.0] AndroidManifest.xml:34:9-52:20
236            android:name="androidx.profileinstaller.ProfileInstallReceiver"
236-->[androidx.profileinstaller:profileinstaller:1.3.0] AndroidManifest.xml:35:13-76
237            android:directBootAware="false"
237-->[androidx.profileinstaller:profileinstaller:1.3.0] AndroidManifest.xml:36:13-44
238            android:enabled="true"
238-->[androidx.profileinstaller:profileinstaller:1.3.0] AndroidManifest.xml:37:13-35
239            android:exported="true"
239-->[androidx.profileinstaller:profileinstaller:1.3.0] AndroidManifest.xml:38:13-36
240            android:permission="android.permission.DUMP" >
240-->[androidx.profileinstaller:profileinstaller:1.3.0] AndroidManifest.xml:39:13-57
241            <intent-filter>
241-->[androidx.profileinstaller:profileinstaller:1.3.0] AndroidManifest.xml:40:13-42:29
242                <action android:name="androidx.profileinstaller.action.INSTALL_PROFILE" />
242-->[androidx.profileinstaller:profileinstaller:1.3.0] AndroidManifest.xml:41:17-91
242-->[androidx.profileinstaller:profileinstaller:1.3.0] AndroidManifest.xml:41:25-88
243            </intent-filter>
244            <intent-filter>
244-->[androidx.profileinstaller:profileinstaller:1.3.0] AndroidManifest.xml:43:13-45:29
245                <action android:name="androidx.profileinstaller.action.SKIP_FILE" />
245-->[androidx.profileinstaller:profileinstaller:1.3.0] AndroidManifest.xml:44:17-85
245-->[androidx.profileinstaller:profileinstaller:1.3.0] AndroidManifest.xml:44:25-82
246            </intent-filter>
247            <intent-filter>
247-->[androidx.profileinstaller:profileinstaller:1.3.0] AndroidManifest.xml:46:13-48:29
248                <action android:name="androidx.profileinstaller.action.SAVE_PROFILE" />
248-->[androidx.profileinstaller:profileinstaller:1.3.0] AndroidManifest.xml:47:17-88
248-->[androidx.profileinstaller:profileinstaller:1.3.0] AndroidManifest.xml:47:25-85
249            </intent-filter>
250            <intent-filter>
250-->[androidx.profileinstaller:profileinstaller:1.3.0] AndroidManifest.xml:49:13-51:29
251                <action android:name="androidx.profileinstaller.action.BENCHMARK_OPERATION" />
251-->[androidx.profileinstaller:profileinstaller:1.3.0] AndroidManifest.xml:50:17-95
251-->[androidx.profileinstaller:profileinstaller:1.3.0] AndroidManifest.xml:50:25-92
252            </intent-filter>
253        </receiver>
254
255        <service
255-->[androidx.room:room-runtime:2.2.5] AndroidManifest.xml:25:9-28:40
256            android:name="androidx.room.MultiInstanceInvalidationService"
256-->[androidx.room:room-runtime:2.2.5] AndroidManifest.xml:26:13-74
257            android:directBootAware="true"
257-->[androidx.room:room-runtime:2.2.5] AndroidManifest.xml:27:13-43
258            android:exported="false" />
258-->[androidx.room:room-runtime:2.2.5] AndroidManifest.xml:28:13-37
259
260        <meta-data
260-->[com.facebook.soloader:soloader:0.12.1] AndroidManifest.xml:12:9-14:37
261            android:name="com.facebook.soloader.enabled"
261-->[com.facebook.soloader:soloader:0.12.1] AndroidManifest.xml:13:13-57
262            android:value="false" />
262-->[com.facebook.soloader:soloader:0.12.1] AndroidManifest.xml:14:13-34
263    </application>
264
265</manifest>